2020-04-17 16:29:22.506  INFO 11724 --- [main] com.moon.test.Test01                     : Starting Test01 on DESKTOP-91JFMOT with PID 11724 (started by Administrator in F:\eclipse-workspace\E\hj-SpringBoot)
2020-04-17 16:29:22.508  INFO 11724 --- [main] com.moon.test.Test01                     : No active profile set, falling back to default profiles: default
2020-04-17 16:29:23.142  INFO 11724 --- [main] o.s.w.c.s.GenericWebApplicationContext   : Refreshing org.springframework.web.context.support.GenericWebApplicationContext@69e1dd28: startup date [Fri Apr 17 16:29:23 CST 2020]; root of context hierarchy
2020-04-17 16:29:24.195  WARN 11724 --- [main] o.m.s.mapper.ClassPathMapperScanner      : No MyBatis mapper was found in '[com.moon]' package. Please check your configuration.
2020-04-17 16:29:27.447  INFO 11724 --- [main] s.w.s.m.m.a.RequestMappingHandlerAdapter : Looking for @ControllerAdvice: org.springframework.web.context.support.GenericWebApplicationContext@69e1dd28: startup date [Fri Apr 17 16:29:23 CST 2020]; root of context hierarchy
2020-04-17 16:29:27.592  INFO 11724 --- [main] s.w.s.m.m.a.RequestMappingHandlerMapping : Mapped "{[/]}" onto public java.lang.String com.moon.controller.HomeController.home()
2020-04-17 16:29:27.595  INFO 11724 --- [main] s.w.s.m.m.a.RequestMappingHandlerMapping : Mapped "{[/success || /info]}" onto public java.lang.String com.moon.controller.HomeController.success()
2020-04-17 16:29:27.595  INFO 11724 --- [main] s.w.s.m.m.a.RequestMappingHandlerMapping : Mapped "{[/openWork/{work}]}" onto public java.lang.String com.moon.controller.HomeController.openWork(java.lang.String)
2020-04-17 16:29:27.597  INFO 11724 --- [main] s.w.s.m.m.a.RequestMappingHandlerMapping : Mapped "{[/error]}" onto public org.springframework.http.ResponseEntity<java.util.Map<java.lang.String, java.lang.Object>> org.springframework.boot.autoconfigure.web.BasicErrorController.error(javax.servlet.http.HttpServletRequest)
2020-04-17 16:29:27.599  INFO 11724 --- [main] s.w.s.m.m.a.RequestMappingHandlerMapping : Mapped "{[/error],produces=[text/html]}" onto public org.springframework.web.servlet.ModelAndView org.springframework.boot.autoconfigure.web.BasicErrorController.errorHtml(javax.servlet.http.HttpServletRequest,javax.servlet.http.HttpServletResponse)
2020-04-17 16:29:27.668  INFO 11724 --- [main] o.s.w.s.handler.SimpleUrlHandlerMapping  : Mapped URL path [/webjars/**] onto handler of type [class org.springframework.web.servlet.resource.ResourceHttpRequestHandler]
2020-04-17 16:29:27.669  INFO 11724 --- [main] o.s.w.s.handler.SimpleUrlHandlerMapping  : Mapped URL path [/**] onto handler of type [class org.springframework.web.servlet.resource.ResourceHttpRequestHandler]
2020-04-17 16:29:27.772  INFO 11724 --- [main] o.s.w.s.handler.SimpleUrlHandlerMapping  : Mapped URL path [/**/favicon.ico] onto handler of type [class org.springframework.web.servlet.resource.ResourceHttpRequestHandler]
2020-04-17 16:29:29.017  INFO 11724 --- [main] t.m.m.autoconfigure.MapperCacheDisabler  : Clear tk.mybatis.mapper.util.MsUtil CLASS_CACHE cache.
2020-04-17 16:29:29.019  INFO 11724 --- [main] t.m.m.autoconfigure.MapperCacheDisabler  : Clear tk.mybatis.mapper.genid.GenIdUtil CACHE cache.
2020-04-17 16:29:29.021  INFO 11724 --- [main] t.m.m.autoconfigure.MapperCacheDisabler  : Clear tk.mybatis.mapper.version.VersionUtil CACHE cache.
2020-04-17 16:29:29.022  INFO 11724 --- [main] t.m.m.autoconfigure.MapperCacheDisabler  : Clear EntityHelper entityTableMap cache.
2020-04-17 16:29:29.505  INFO 11724 --- [main] com.moon.test.Test01                     : Started Test01 in 7.568 seconds (JVM running for 9.211)
2020-04-17 16:29:29.691  INFO 11724 --- [main] com.moon.test.Test01                     : 这是info日志
2020-04-17 16:29:29.694 ERROR 11724 --- [main] com.moon.test.Test01                     : 这是error日志
2020-04-17 16:29:29.724  INFO 11724 --- [Thread-3] o.s.w.c.s.GenericWebApplicationContext   : Closing org.springframework.web.context.support.GenericWebApplicationContext@69e1dd28: startup date [Fri Apr 17 16:29:23 CST 2020]; root of context hierarchy
2020-04-17 16:29:29.738  INFO 11724 --- [Thread-3] com.alibaba.druid.pool.DruidDataSource   : {dataSource-0} closing ...
2020-04-17 16:32:56.338  INFO 23160 --- [main] com.moon.test.Test01                     : Starting Test01 on DESKTOP-91JFMOT with PID 23160 (started by Administrator in F:\eclipse-workspace\E\hj-SpringBoot)
2020-04-17 16:32:56.339  INFO 23160 --- [main] com.moon.test.Test01                     : No active profile set, falling back to default profiles: default
2020-04-17 16:32:56.890  INFO 23160 --- [main] o.s.w.c.s.GenericWebApplicationContext   : Refreshing org.springframework.web.context.support.GenericWebApplicationContext@3514a4c0: startup date [Fri Apr 17 16:32:56 CST 2020]; root of context hierarchy
2020-04-17 16:32:58.321  WARN 23160 --- [main] o.m.s.mapper.ClassPathMapperScanner      : No MyBatis mapper was found in '[com.moon]' package. Please check your configuration.
2020-04-17 16:33:01.769  INFO 23160 --- [main] s.w.s.m.m.a.RequestMappingHandlerAdapter : Looking for @ControllerAdvice: org.springframework.web.context.support.GenericWebApplicationContext@3514a4c0: startup date [Fri Apr 17 16:32:56 CST 2020]; root of context hierarchy
2020-04-17 16:33:01.958  INFO 23160 --- [main] s.w.s.m.m.a.RequestMappingHandlerMapping : Mapped "{[/]}" onto public java.lang.String com.moon.controller.HomeController.home()
2020-04-17 16:33:01.959  INFO 23160 --- [main] s.w.s.m.m.a.RequestMappingHandlerMapping : Mapped "{[/success || /info]}" onto public java.lang.String com.moon.controller.HomeController.success()
2020-04-17 16:33:01.960  INFO 23160 --- [main] s.w.s.m.m.a.RequestMappingHandlerMapping : Mapped "{[/openWork/{work}]}" onto public java.lang.String com.moon.controller.HomeController.openWork(java.lang.String)
2020-04-17 16:33:01.966  INFO 23160 --- [main] s.w.s.m.m.a.RequestMappingHandlerMapping : Mapped "{[/error]}" onto public org.springframework.http.ResponseEntity<java.util.Map<java.lang.String, java.lang.Object>> org.springframework.boot.autoconfigure.web.BasicErrorController.error(javax.servlet.http.HttpServletRequest)
2020-04-17 16:33:01.967  INFO 23160 --- [main] s.w.s.m.m.a.RequestMappingHandlerMapping : Mapped "{[/error],produces=[text/html]}" onto public org.springframework.web.servlet.ModelAndView org.springframework.boot.autoconfigure.web.BasicErrorController.errorHtml(javax.servlet.http.HttpServletRequest,javax.servlet.http.HttpServletResponse)
2020-04-17 16:33:02.070  INFO 23160 --- [main] o.s.w.s.handler.SimpleUrlHandlerMapping  : Mapped URL path [/webjars/**] onto handler of type [class org.springframework.web.servlet.resource.ResourceHttpRequestHandler]
2020-04-17 16:33:02.071  INFO 23160 --- [main] o.s.w.s.handler.SimpleUrlHandlerMapping  : Mapped URL path [/**] onto handler of type [class org.springframework.web.servlet.resource.ResourceHttpRequestHandler]
2020-04-17 16:33:02.168  INFO 23160 --- [main] o.s.w.s.handler.SimpleUrlHandlerMapping  : Mapped URL path [/**/favicon.ico] onto handler of type [class org.springframework.web.servlet.resource.ResourceHttpRequestHandler]
2020-04-17 16:33:03.200  INFO 23160 --- [main] t.m.m.autoconfigure.MapperCacheDisabler  : Clear tk.mybatis.mapper.util.MsUtil CLASS_CACHE cache.
2020-04-17 16:33:03.202  INFO 23160 --- [main] t.m.m.autoconfigure.MapperCacheDisabler  : Clear tk.mybatis.mapper.genid.GenIdUtil CACHE cache.
2020-04-17 16:33:03.204  INFO 23160 --- [main] t.m.m.autoconfigure.MapperCacheDisabler  : Clear tk.mybatis.mapper.version.VersionUtil CACHE cache.
2020-04-17 16:33:03.204  INFO 23160 --- [main] t.m.m.autoconfigure.MapperCacheDisabler  : Clear EntityHelper entityTableMap cache.
2020-04-17 16:33:03.862  INFO 23160 --- [main] com.moon.test.Test01                     : Started Test01 in 8.201 seconds (JVM running for 9.811)
2020-04-17 16:33:04.122  INFO 23160 --- [main] com.moon.test.Test01                     : 这是info日志
2020-04-17 16:33:04.134 ERROR 23160 --- [main] com.moon.test.Test01                     : 这是error日志
2020-04-17 16:33:04.809  INFO 23160 --- [main] com.alibaba.druid.pool.DruidDataSource   : {dataSource-1} inited
2020-04-17 16:33:05.522 DEBUG 23160 --- [main] c.m.d.StudentMapper.selectByPrimaryKey   : ==>  Preparing: SELECT id,name,sex,birth,department,address FROM student WHERE id = ? 
2020-04-17 16:33:05.599 DEBUG 23160 --- [main] c.m.d.StudentMapper.selectByPrimaryKey   : ==> Parameters: 2(Integer)
2020-04-17 16:33:05.696 DEBUG 23160 --- [main] c.m.d.StudentMapper.selectByPrimaryKey   : <==      Total: 0
2020-04-17 16:33:05.705  INFO 23160 --- [Thread-3] o.s.w.c.s.GenericWebApplicationContext   : Closing org.springframework.web.context.support.GenericWebApplicationContext@3514a4c0: startup date [Fri Apr 17 16:32:56 CST 2020]; root of context hierarchy
2020-04-17 16:33:05.720  INFO 23160 --- [Thread-3] com.alibaba.druid.pool.DruidDataSource   : {dataSource-1} closing ...
2020-04-17 16:33:05.725  INFO 23160 --- [Thread-3] com.alibaba.druid.pool.DruidDataSource   : {dataSource-1} closed
2020-04-17 16:33:33.758  INFO 12656 --- [main] com.moon.test.Test01                     : Starting Test01 on DESKTOP-91JFMOT with PID 12656 (started by Administrator in F:\eclipse-workspace\E\hj-SpringBoot)
2020-04-17 16:33:33.759  INFO 12656 --- [main] com.moon.test.Test01                     : No active profile set, falling back to default profiles: default
2020-04-17 16:33:34.547  INFO 12656 --- [main] o.s.w.c.s.GenericWebApplicationContext   : Refreshing org.springframework.web.context.support.GenericWebApplicationContext@3514a4c0: startup date [Fri Apr 17 16:33:34 CST 2020]; root of context hierarchy
2020-04-17 16:33:35.898  WARN 12656 --- [main] o.m.s.mapper.ClassPathMapperScanner      : No MyBatis mapper was found in '[com.moon]' package. Please check your configuration.
2020-04-17 16:33:40.944  INFO 12656 --- [main] s.w.s.m.m.a.RequestMappingHandlerAdapter : Looking for @ControllerAdvice: org.springframework.web.context.support.GenericWebApplicationContext@3514a4c0: startup date [Fri Apr 17 16:33:34 CST 2020]; root of context hierarchy
2020-04-17 16:33:41.569  INFO 12656 --- [main] s.w.s.m.m.a.RequestMappingHandlerMapping : Mapped "{[/success || /info]}" onto public java.lang.String com.moon.controller.HomeController.success()
2020-04-17 16:33:41.571  INFO 12656 --- [main] s.w.s.m.m.a.RequestMappingHandlerMapping : Mapped "{[/openWork/{work}]}" onto public java.lang.String com.moon.controller.HomeController.openWork(java.lang.String)
2020-04-17 16:33:41.584  INFO 12656 --- [main] s.w.s.m.m.a.RequestMappingHandlerMapping : Mapped "{[/]}" onto public java.lang.String com.moon.controller.HomeController.home()
2020-04-17 16:33:41.591  INFO 12656 --- [main] s.w.s.m.m.a.RequestMappingHandlerMapping : Mapped "{[/error]}" onto public org.springframework.http.ResponseEntity<java.util.Map<java.lang.String, java.lang.Object>> org.springframework.boot.autoconfigure.web.BasicErrorController.error(javax.servlet.http.HttpServletRequest)
2020-04-17 16:33:41.593  INFO 12656 --- [main] s.w.s.m.m.a.RequestMappingHandlerMapping : Mapped "{[/error],produces=[text/html]}" onto public org.springframework.web.servlet.ModelAndView org.springframework.boot.autoconfigure.web.BasicErrorController.errorHtml(javax.servlet.http.HttpServletRequest,javax.servlet.http.HttpServletResponse)
2020-04-17 16:33:41.780  INFO 12656 --- [main] o.s.w.s.handler.SimpleUrlHandlerMapping  : Mapped URL path [/webjars/**] onto handler of type [class org.springframework.web.servlet.resource.ResourceHttpRequestHandler]
2020-04-17 16:33:41.780  INFO 12656 --- [main] o.s.w.s.handler.SimpleUrlHandlerMapping  : Mapped URL path [/**] onto handler of type [class org.springframework.web.servlet.resource.ResourceHttpRequestHandler]
2020-04-17 16:33:41.954  INFO 12656 --- [main] o.s.w.s.handler.SimpleUrlHandlerMapping  : Mapped URL path [/**/favicon.ico] onto handler of type [class org.springframework.web.servlet.resource.ResourceHttpRequestHandler]
2020-04-17 16:33:43.538  INFO 12656 --- [main] t.m.m.autoconfigure.MapperCacheDisabler  : Clear tk.mybatis.mapper.util.MsUtil CLASS_CACHE cache.
2020-04-17 16:33:43.540  INFO 12656 --- [main] t.m.m.autoconfigure.MapperCacheDisabler  : Clear tk.mybatis.mapper.genid.GenIdUtil CACHE cache.
2020-04-17 16:33:43.617  INFO 12656 --- [main] t.m.m.autoconfigure.MapperCacheDisabler  : Clear tk.mybatis.mapper.version.VersionUtil CACHE cache.
2020-04-17 16:33:43.620  INFO 12656 --- [main] t.m.m.autoconfigure.MapperCacheDisabler  : Clear EntityHelper entityTableMap cache.
2020-04-17 16:33:44.641  INFO 12656 --- [main] com.moon.test.Test01                     : Started Test01 in 11.51 seconds (JVM running for 13.188)
2020-04-17 16:33:44.766  INFO 12656 --- [main] com.moon.test.Test01                     : 这是info日志
2020-04-17 16:33:44.767 ERROR 12656 --- [main] com.moon.test.Test01                     : 这是error日志
2020-04-17 16:33:45.259  INFO 12656 --- [main] com.alibaba.druid.pool.DruidDataSource   : {dataSource-1} inited
2020-04-17 16:33:45.835 DEBUG 12656 --- [main] c.m.d.StudentMapper.selectByPrimaryKey   : ==>  Preparing: SELECT id,name,sex,birth,department,address FROM student WHERE id = ? 
2020-04-17 16:33:45.883 DEBUG 12656 --- [main] c.m.d.StudentMapper.selectByPrimaryKey   : ==> Parameters: 902(Integer)
2020-04-17 16:33:45.905 DEBUG 12656 --- [main] c.m.d.StudentMapper.selectByPrimaryKey   : <==      Total: 1
2020-04-17 16:33:45.955  INFO 12656 --- [Thread-3] o.s.w.c.s.GenericWebApplicationContext   : Closing org.springframework.web.context.support.GenericWebApplicationContext@3514a4c0: startup date [Fri Apr 17 16:33:34 CST 2020]; root of context hierarchy
2020-04-17 16:33:45.961  INFO 12656 --- [Thread-3] com.alibaba.druid.pool.DruidDataSource   : {dataSource-1} closing ...
2020-04-17 16:33:45.970  INFO 12656 --- [Thread-3] com.alibaba.druid.pool.DruidDataSource   : {dataSource-1} closed
2020-04-17 17:06:25.430  INFO 23716 --- [main] com.moon.test.Test01                     : Starting Test01 on DESKTOP-91JFMOT with PID 23716 (started by Administrator in F:\eclipse-workspace\E\hj-SpringBoot)
2020-04-17 17:06:25.451  INFO 23716 --- [main] com.moon.test.Test01                     : No active profile set, falling back to default profiles: default
2020-04-17 17:06:26.256  INFO 23716 --- [main] o.s.w.c.s.GenericWebApplicationContext   : Refreshing org.springframework.web.context.support.GenericWebApplicationContext@3514a4c0: startup date [Fri Apr 17 17:06:26 CST 2020]; root of context hierarchy
2020-04-17 17:06:28.320  WARN 23716 --- [main] o.m.s.mapper.ClassPathMapperScanner      : No MyBatis mapper was found in '[com.moon]' package. Please check your configuration.
2020-04-17 17:06:33.619  INFO 23716 --- [main] s.w.s.m.m.a.RequestMappingHandlerAdapter : Looking for @ControllerAdvice: org.springframework.web.context.support.GenericWebApplicationContext@3514a4c0: startup date [Fri Apr 17 17:06:26 CST 2020]; root of context hierarchy
2020-04-17 17:06:34.073  INFO 23716 --- [main] s.w.s.m.m.a.RequestMappingHandlerMapping : Mapped "{[/]}" onto public java.lang.String com.moon.controller.HomeController.home()
2020-04-17 17:06:34.079  INFO 23716 --- [main] s.w.s.m.m.a.RequestMappingHandlerMapping : Mapped "{[/success || /info]}" onto public java.lang.String com.moon.controller.HomeController.success()
2020-04-17 17:06:34.081  INFO 23716 --- [main] s.w.s.m.m.a.RequestMappingHandlerMapping : Mapped "{[/openWork/{work}]}" onto public java.lang.String com.moon.controller.HomeController.openWork(java.lang.String)
2020-04-17 17:06:34.087  INFO 23716 --- [main] s.w.s.m.m.a.RequestMappingHandlerMapping : Mapped "{[/error]}" onto public org.springframework.http.ResponseEntity<java.util.Map<java.lang.String, java.lang.Object>> org.springframework.boot.autoconfigure.web.BasicErrorController.error(javax.servlet.http.HttpServletRequest)
2020-04-17 17:06:34.160  INFO 23716 --- [main] s.w.s.m.m.a.RequestMappingHandlerMapping : Mapped "{[/error],produces=[text/html]}" onto public org.springframework.web.servlet.ModelAndView org.springframework.boot.autoconfigure.web.BasicErrorController.errorHtml(javax.servlet.http.HttpServletRequest,javax.servlet.http.HttpServletResponse)
2020-04-17 17:06:34.390  INFO 23716 --- [main] o.s.w.s.handler.SimpleUrlHandlerMapping  : Mapped URL path [/webjars/**] onto handler of type [class org.springframework.web.servlet.resource.ResourceHttpRequestHandler]
2020-04-17 17:06:34.391  INFO 23716 --- [main] o.s.w.s.handler.SimpleUrlHandlerMapping  : Mapped URL path [/**] onto handler of type [class org.springframework.web.servlet.resource.ResourceHttpRequestHandler]
2020-04-17 17:06:34.554  INFO 23716 --- [main] o.s.w.s.handler.SimpleUrlHandlerMapping  : Mapped URL path [/**/favicon.ico] onto handler of type [class org.springframework.web.servlet.resource.ResourceHttpRequestHandler]
2020-04-17 17:06:44.845  INFO 23716 --- [main] t.m.m.autoconfigure.MapperCacheDisabler  : Clear tk.mybatis.mapper.util.MsUtil CLASS_CACHE cache.
2020-04-17 17:06:44.846  INFO 23716 --- [main] t.m.m.autoconfigure.MapperCacheDisabler  : Clear tk.mybatis.mapper.genid.GenIdUtil CACHE cache.
2020-04-17 17:06:44.850  INFO 23716 --- [main] t.m.m.autoconfigure.MapperCacheDisabler  : Clear tk.mybatis.mapper.version.VersionUtil CACHE cache.
2020-04-17 17:06:44.851  INFO 23716 --- [main] t.m.m.autoconfigure.MapperCacheDisabler  : Clear EntityHelper entityTableMap cache.
2020-04-17 17:06:45.788  INFO 23716 --- [main] com.moon.test.Test01                     : Started Test01 in 21.354 seconds (JVM running for 23.579)
2020-04-17 17:06:46.322  INFO 23716 --- [main] com.moon.test.Test01                     : 这是info日志
2020-04-17 17:06:46.324 ERROR 23716 --- [main] com.moon.test.Test01                     : 这是error日志
2020-04-17 17:06:48.859  INFO 23716 --- [main] com.alibaba.druid.pool.DruidDataSource   : {dataSource-1} inited
2020-04-17 17:06:49.802 DEBUG 23716 --- [main] c.m.d.StudentMapper.selectByPrimaryKey   : ==>  Preparing: SELECT id,name,sex,birth,department,address FROM student WHERE id = ? 
2020-04-17 17:06:49.839 DEBUG 23716 --- [main] c.m.d.StudentMapper.selectByPrimaryKey   : ==> Parameters: 902(Integer)
2020-04-17 17:06:50.531 DEBUG 23716 --- [main] c.m.d.StudentMapper.selectByPrimaryKey   : <==      Total: 1
2020-04-17 17:06:50.549  INFO 23716 --- [Thread-3] o.s.w.c.s.GenericWebApplicationContext   : Closing org.springframework.web.context.support.GenericWebApplicationContext@3514a4c0: startup date [Fri Apr 17 17:06:26 CST 2020]; root of context hierarchy
2020-04-17 17:06:50.554  INFO 23716 --- [Thread-3] com.alibaba.druid.pool.DruidDataSource   : {dataSource-1} closing ...
2020-04-17 17:06:50.605  INFO 23716 --- [Thread-3] com.alibaba.druid.pool.DruidDataSource   : {dataSource-1} closed
2020-04-17 17:07:52.993  INFO 5276 --- [main] com.moon.test.Test01                     : Starting Test01 on DESKTOP-91JFMOT with PID 5276 (started by Administrator in F:\eclipse-workspace\E\hj-SpringBoot)
2020-04-17 17:07:53.015 DEBUG 5276 --- [main] com.moon.test.Test01                     : Running with Spring Boot v1.5.20.RELEASE, Spring v4.3.23.RELEASE
2020-04-17 17:07:53.015  INFO 5276 --- [main] com.moon.test.Test01                     : No active profile set, falling back to default profiles: default
2020-04-17 17:07:53.414  INFO 5276 --- [main] o.s.w.c.s.GenericWebApplicationContext   : Refreshing org.springframework.web.context.support.GenericWebApplicationContext@57af006c: startup date [Fri Apr 17 17:07:53 CST 2020]; root of context hierarchy
2020-04-17 17:07:54.510  WARN 5276 --- [main] o.m.s.mapper.ClassPathMapperScanner      : No MyBatis mapper was found in '[com.moon]' package. Please check your configuration.
2020-04-17 17:07:59.031  INFO 5276 --- [main] s.w.s.m.m.a.RequestMappingHandlerAdapter : Looking for @ControllerAdvice: org.springframework.web.context.support.GenericWebApplicationContext@57af006c: startup date [Fri Apr 17 17:07:53 CST 2020]; root of context hierarchy
2020-04-17 17:07:59.187  INFO 5276 --- [main] s.w.s.m.m.a.RequestMappingHandlerMapping : Mapped "{[/]}" onto public java.lang.String com.moon.controller.HomeController.home()
2020-04-17 17:07:59.192  INFO 5276 --- [main] s.w.s.m.m.a.RequestMappingHandlerMapping : Mapped "{[/openWork/{work}]}" onto public java.lang.String com.moon.controller.HomeController.openWork(java.lang.String)
2020-04-17 17:07:59.193  INFO 5276 --- [main] s.w.s.m.m.a.RequestMappingHandlerMapping : Mapped "{[/success || /info]}" onto public java.lang.String com.moon.controller.HomeController.success()
2020-04-17 17:07:59.196  INFO 5276 --- [main] s.w.s.m.m.a.RequestMappingHandlerMapping : Mapped "{[/error]}" onto public org.springframework.http.ResponseEntity<java.util.Map<java.lang.String, java.lang.Object>> org.springframework.boot.autoconfigure.web.BasicErrorController.error(javax.servlet.http.HttpServletRequest)
2020-04-17 17:07:59.197  INFO 5276 --- [main] s.w.s.m.m.a.RequestMappingHandlerMapping : Mapped "{[/error],produces=[text/html]}" onto public org.springframework.web.servlet.ModelAndView org.springframework.boot.autoconfigure.web.BasicErrorController.errorHtml(javax.servlet.http.HttpServletRequest,javax.servlet.http.HttpServletResponse)
2020-04-17 17:07:59.284  INFO 5276 --- [main] o.s.w.s.handler.SimpleUrlHandlerMapping  : Mapped URL path [/webjars/**] onto handler of type [class org.springframework.web.servlet.resource.ResourceHttpRequestHandler]
2020-04-17 17:07:59.285  INFO 5276 --- [main] o.s.w.s.handler.SimpleUrlHandlerMapping  : Mapped URL path [/**] onto handler of type [class org.springframework.web.servlet.resource.ResourceHttpRequestHandler]
2020-04-17 17:07:59.383  INFO 5276 --- [main] o.s.w.s.handler.SimpleUrlHandlerMapping  : Mapped URL path [/**/favicon.ico] onto handler of type [class org.springframework.web.servlet.resource.ResourceHttpRequestHandler]
2020-04-17 17:08:00.633  INFO 5276 --- [main] t.m.m.autoconfigure.MapperCacheDisabler  : Clear tk.mybatis.mapper.util.MsUtil CLASS_CACHE cache.
2020-04-17 17:08:00.634  INFO 5276 --- [main] t.m.m.autoconfigure.MapperCacheDisabler  : Clear tk.mybatis.mapper.genid.GenIdUtil CACHE cache.
2020-04-17 17:08:00.635  INFO 5276 --- [main] t.m.m.autoconfigure.MapperCacheDisabler  : Clear tk.mybatis.mapper.version.VersionUtil CACHE cache.
2020-04-17 17:08:00.636  INFO 5276 --- [main] t.m.m.autoconfigure.MapperCacheDisabler  : Clear EntityHelper entityTableMap cache.
2020-04-17 17:08:01.723  INFO 5276 --- [main] com.moon.test.Test01                     : Started Test01 in 9.751 seconds (JVM running for 11.501)
2020-04-17 17:08:01.952 DEBUG 5276 --- [main] com.moon.test.Test01                     : 这是debug日志
2020-04-17 17:08:01.953  INFO 5276 --- [main] com.moon.test.Test01                     : 这是info日志
2020-04-17 17:08:01.957 ERROR 5276 --- [main] com.moon.test.Test01                     : 这是error日志
2020-04-17 17:08:02.722  INFO 5276 --- [main] com.alibaba.druid.pool.DruidDataSource   : {dataSource-1} inited
2020-04-17 17:08:03.274 DEBUG 5276 --- [main] c.m.d.StudentMapper.selectByPrimaryKey   : ==>  Preparing: SELECT id,name,sex,birth,department,address FROM student WHERE id = ? 
2020-04-17 17:08:03.322 DEBUG 5276 --- [main] c.m.d.StudentMapper.selectByPrimaryKey   : ==> Parameters: 902(Integer)
2020-04-17 17:08:03.358 DEBUG 5276 --- [main] c.m.d.StudentMapper.selectByPrimaryKey   : <==      Total: 1
2020-04-17 17:08:03.449  INFO 5276 --- [Thread-3] o.s.w.c.s.GenericWebApplicationContext   : Closing org.springframework.web.context.support.GenericWebApplicationContext@57af006c: startup date [Fri Apr 17 17:07:53 CST 2020]; root of context hierarchy
2020-04-17 17:08:03.462  INFO 5276 --- [Thread-3] com.alibaba.druid.pool.DruidDataSource   : {dataSource-1} closing ...
2020-04-17 17:08:03.468  INFO 5276 --- [Thread-3] com.alibaba.druid.pool.DruidDataSource   : {dataSource-1} closed
